function: enumerations; handler: 0x41a9dd; (default: 0x418380)
function: init; handler: 0x41b977; (default: 0x418380)
function: list-protocols; handler: 0x41c97c; (default: 0x418380)
function: list-accounts; handler: 0x41c600; (default: 0x418380)
function: add-account; handler: 0x41455a; (default: 0x418380)
(_elim_status_changed)
oops, not handling extended account options yet
function: account-options; handler: 0x413e58; (default: 0x418380)
function: set-account-options; handler: 0x41e7b4; (default: 0x418380)
function: connect; handler: 0x417ff0; (default: 0x418380)
(_elim_connect_progress)
(_elim_connect_progress)
(_elim_connect_progress)
(_elim_connect_progress)
(_elim_connect_progress)
(_elim_report_disconnect_reason)
(_elim_disconnected)
function: connect; handler: 0x417ff0; (default: 0x418380)
(_elim_request_fields
storing callback data: 0x6d72d0
(_elim_request_fields HANDLE: 0x6d72d0 . 0x6e2fe0)function: elim-request-fields; handler: 0x41e3d8; (default: 0x418380)
(_elim_request_fields_cb)
(_elim_close_request HANDLE 0x6d72d0)
about to free REQ_RESP : 0x6e2fe0
about to free CB_HANDLE: 0x6d72d0
(_elim_connect_progress)
(_elim_connect_progress)
(_elim_connect_progress)
(_elim_connect_progress)
(_elim_connect_progress)
(_elim_report_disconnect_reason)
(_elim_disconnected)
function: account-options; handler: 0x413e58; (default: 0x418380)
function: set-account-options; handler: 0x41e7b4; (default: 0x418380)
function: connect; handler: 0x417ff0; (default: 0x418380)
(_elim_connect_progress)
(_elim_connect_progress)
(_elim_connect_progress)
(_elim_connect_progress)
(_elim_connect_progress)
(_elim_report_disconnect_reason)
(_elim_disconnected)
function: account-options; handler: 0x413e58; (default: 0x418380)
function: set-account-options; handler: 0x41e7b4; (default: 0x418380)
function: connect; handler: 0x417ff0; (default: 0x418380)
(_elim_connect_progress)
(_elim_connect_progress)
(_elim_connect_progress)
(_elim_connect_progress)
(_elim_connect_progress)
(_elim_report_disconnect_reason)
(_elim_disconnected)
function: account-options; handler: 0x413e58; (default: 0x418380)
function: set-account-options; handler: 0x41e7b4; (default: 0x418380)
function: connect; handler: 0x417ff0; (default: 0x418380)
(_elim_connect_progress)
(_elim_connect_progress)
(_elim_connect_progress)
(_elim_connect_progress)
(_elim_connect_progress)
(_elim_report_disconnect_reason)
(_elim_disconnected)
function: account-options; handler: 0x413e58; (default: 0x418380)
function: set-account-options; handler: 0x41e7b4; (default: 0x418380)
function: connect; handler: 0x417ff0; (default: 0x418380)
(_elim_connect_progress)
(_elim_connect_progress)
(_elim_connect_progress)
(_elim_connect_progress)
(_elim_connect_progress)
(_elim_connect_progress)
(_elim_connect_progress)
(_elim_bl_new_node)
(_elim_blnode_to_xnode)
(_elim_blnode_to_xnode GROUP)
(_elim_bl_update)
(_elim_blnode_to_xnode)
(_elim_blnode_to_xnode GROUP)
(_elim_bl_new_node)
(_elim_blnode_to_xnode)
(_elim_blnode_to_xnode GROUP)
(_elim_bl_update)
(_elim_blnode_to_xnode)
(_elim_blnode_to_xnode GROUP)
(_elim_blnode_to_xnode)
(_elim_blnode_to_xnode GROUP)
(_elim_bl_new_node)
(_elim_blnode_to_xnode)
(_elim_blnode_to_xnode GROUP)
(_elim_bl_update)
(_elim_blnode_to_xnode)
(_elim_blnode_to_xnode GROUP)
(_elim_blnode_to_xnode)
(_elim_blnode_to_xnode GROUP)
(_elim_bl_new_node)
(_elim_blnode_to_xnode)
(_elim_blnode_to_xnode GROUP)
(_elim_bl_update)
(_elim_blnode_to_xnode)
(_elim_blnode_to_xnode GROUP)
(_elim_blnode_to_xnode)
(_elim_blnode_to_xnode GROUP)
(_elim_bl_new_node)
(_elim_blnode_to_xnode)
(_elim_blnode_to_xnode BUDDY)
(_elim_bl_new_node)
(_elim_bl_update)
(_elim_blnode_to_xnode)
(_elim_blnode_to_xnode BUDDY)
(_elim_blnode_to_xnode)
(_elim_blnode_to_xnode CONTACT
   name "nribas13@hotmail.com")
(_elim_bl_update)
(_elim_blnode_to_xnode)
(_elim_blnode_to_xnode BUDDY)
(_elim_blnode_to_xnode)
(_elim_blnode_to_xnode CONTACT
   name "Nikolis")
(_elim_bl_new_node)
(_elim_blnode_to_xnode)
(_elim_blnode_to_xnode BUDDY)
(_elim_bl_new_node)
(_elim_bl_update)
(_elim_blnode_to_xnode)
(_elim_blnode_to_xnode BUDDY)
(_elim_blnode_to_xnode)
(_elim_blnode_to_xnode CONTACT
   name "log.23@hotmail.com")
(_elim_bl_update)
(_elim_blnode_to_xnode)
(_elim_blnode_to_xnode BUDDY)
(_elim_blnode_to_xnode)
(_elim_blnode_to_xnode CONTACT
   name "tatiana..")
(_elim_bl_new_node)
(_elim_blnode_to_xnode)
(_elim_blnode_to_xnode BUDDY)
(_elim_bl_new_node)
(_elim_bl_update)
(_elim_blnode_to_xnode)
(_elim_blnode_to_xnode BUDDY)
(_elim_blnode_to_xnode)
(_elim_blnode_to_xnode CONTACT
   name "tziortzia@hotmail.com")
(_elim_bl_update)
(_elim_blnode_to_xnode)
(_elim_blnode_to_xnode BUDDY)
(_elim_blnode_to_xnode)
(_elim_blnode_to_xnode CONTACT
   name "tziortzia")
(_elim_bl_new_node)
(_elim_blnode_to_xnode)
(_elim_blnode_to_xnode BUDDY)
(_elim_bl_new_node)
(_elim_bl_update)
(_elim_blnode_to_xnode)
(_elim_blnode_to_xnode BUDDY)
(_elim_blnode_to_xnode)
(_elim_blnode_to_xnode CONTACT
   name "fani_a@windowslive.com")
(_elim_bl_update)
(_elim_blnode_to_xnode)
(_elim_blnode_to_xnode BUDDY)
(_elim_blnode_to_xnode)
(_elim_blnode_to_xnode CONTACT
   name "(li):DΦανή!!!!!!!!!!!!!!!!!!!!!!!!!:D(li)")
(_elim_bl_new_node)
(_elim_blnode_to_xnode)
(_elim_blnode_to_xnode BUDDY)
(_elim_bl_new_node)
(_elim_bl_update)
(_elim_blnode_to_xnode)
(_elim_blnode_to_xnode BUDDY)
(_elim_blnode_to_xnode)
(_elim_blnode_to_xnode CONTACT
   name "nairoth@hotmail.com")
(_elim_bl_update)
(_elim_blnode_to_xnode)
(_elim_blnode_to_xnode BUDDY)
(_elim_blnode_to_xnode)
(_elim_blnode_to_xnode CONTACT
   name "Eagle Fly Free")
(_elim_bl_new_node)
(_elim_blnode_to_xnode)
(_elim_blnode_to_xnode BUDDY)
(_elim_bl_new_node)
(_elim_bl_update)
(_elim_blnode_to_xnode)
(_elim_blnode_to_xnode BUDDY)
(_elim_blnode_to_xnode)
(_elim_blnode_to_xnode CONTACT
   name "cs00041@icsd.aegean.gr")
(_elim_bl_update)
(_elim_blnode_to_xnode)
(_elim_blnode_to_xnode BUDDY)
(_elim_blnode_to_xnode)
(_elim_blnode_to_xnode CONTACT
   name "Evangelos")
(_elim_bl_new_node)
(_elim_blnode_to_xnode)
(_elim_blnode_to_xnode BUDDY)
(_elim_bl_new_node)
(_elim_bl_update)
(_elim_blnode_to_xnode)
(_elim_blnode_to_xnode BUDDY)
(_elim_blnode_to_xnode)
(_elim_blnode_to_xnode CONTACT
   name "moysikhmitsaras@hotmail.com")
(_elim_bl_update)
(_elim_blnode_to_xnode)
(_elim_blnode_to_xnode BUDDY)
(_elim_blnode_to_xnode)
(_elim_blnode_to_xnode CONTACT
   name "mitsaras")
(_elim_bl_update)
(_elim_blnode_to_xnode)
(_elim_blnode_to_xnode BUDDY)
(_elim_blnode_to_xnode)
(_elim_blnode_to_xnode CONTACT
   name "mitsaras")
(_elim_bl_new_node)
(_elim_blnode_to_xnode)
(_elim_blnode_to_xnode BUDDY)
(_elim_bl_new_node)
(_elim_bl_update)
(_elim_blnode_to_xnode)
(_elim_blnode_to_xnode BUDDY)
(_elim_blnode_to_xnode)
(_elim_blnode_to_xnode CONTACT
   name "lyrassteve1986@hotmail.com")
(_elim_bl_update)
(_elim_blnode_to_xnode)
(_elim_blnode_to_xnode BUDDY)
(_elim_blnode_to_xnode)
(_elim_blnode_to_xnode CONTACT
   name ":D STEVE :D")
(_elim_bl_new_node)
(_elim_blnode_to_xnode)
(_elim_blnode_to_xnode BUDDY)
(_elim_bl_new_node)
(_elim_bl_update)
(_elim_blnode_to_xnode)
(_elim_blnode_to_xnode BUDDY)
(_elim_blnode_to_xnode)
(_elim_blnode_to_xnode CONTACT
   name "sanctus2003@hotmail.com")
(_elim_bl_update)
(_elim_blnode_to_xnode)
(_elim_blnode_to_xnode BUDDY)
(_elim_blnode_to_xnode)
(_elim_blnode_to_xnode CONTACT
   name "Panos")
(_elim_bl_new_node)
(_elim_blnode_to_xnode)
(_elim_blnode_to_xnode BUDDY)
(_elim_bl_new_node)
(_elim_bl_update)
(_elim_blnode_to_xnode)
(_elim_blnode_to_xnode BUDDY)
(_elim_blnode_to_xnode)
(_elim_blnode_to_xnode CONTACT
   name "stripe_wing@yahoo.com")
(_elim_bl_update)
(_elim_blnode_to_xnode)
(_elim_blnode_to_xnode BUDDY)
(_elim_blnode_to_xnode)
(_elim_blnode_to_xnode CONTACT
   name "stripe_wing")
(_elim_bl_new_node)
(_elim_blnode_to_xnode)
(_elim_blnode_to_xnode BUDDY)
(_elim_bl_new_node)
(_elim_bl_update)
(_elim_blnode_to_xnode)
(_elim_blnode_to_xnode BUDDY)
(_elim_blnode_to_xnode)
(_elim_blnode_to_xnode CONTACT
   name "theodosis.fox@gmail.com")
(_elim_bl_update)
(_elim_blnode_to_xnode)
(_elim_blnode_to_xnode BUDDY)
(_elim_blnode_to_xnode)
(_elim_blnode_to_xnode CONTACT
   name "Theodosis")
(_elim_bl_new_node)
(_elim_blnode_to_xnode)
(_elim_blnode_to_xnode BUDDY)
(_elim_bl_new_node)
(_elim_bl_update)
(_elim_blnode_to_xnode)
(_elim_blnode_to_xnode BUDDY)
(_elim_blnode_to_xnode)
(_elim_blnode_to_xnode CONTACT
   name "eleni_1982@hotmail.com")
(_elim_bl_update)
(_elim_blnode_to_xnode)
(_elim_blnode_to_xnode BUDDY)
(_elim_blnode_to_xnode)
(_elim_blnode_to_xnode CONTACT
   name "elenita")
(_elim_bl_new_node)
(_elim_blnode_to_xnode)
(_elim_blnode_to_xnode BUDDY)
(_elim_bl_new_node)
(_elim_bl_update)
(_elim_blnode_to_xnode)
(_elim_blnode_to_xnode BUDDY)
(_elim_blnode_to_xnode)
(_elim_blnode_to_xnode CONTACT
   name "tina_icsd@hotmail.com")
(_elim_bl_update)
(_elim_blnode_to_xnode)
(_elim_blnode_to_xnode BUDDY)
(_elim_blnode_to_xnode)
(_elim_blnode_to_xnode CONTACT
   name "Tina")
(_elim_bl_new_node)
(_elim_blnode_to_xnode)
(_elim_blnode_to_xnode BUDDY)
(_elim_bl_new_node)
(_elim_bl_update)
(_elim_blnode_to_xnode)
(_elim_blnode_to_xnode BUDDY)
(_elim_blnode_to_xnode)
(_elim_blnode_to_xnode CONTACT
   name "redhillmin@hotmail.com")
(_elim_bl_update)
(_elim_blnode_to_xnode)
(_elim_blnode_to_xnode BUDDY)
(_elim_blnode_to_xnode)
(_elim_blnode_to_xnode CONTACT
   name "redhillmin")
(_elim_connected)
(_elim_bl_update)
(_elim_blnode_to_xnode)
(_elim_blnode_to_xnode GROUP)
(_elim_blnode_to_xnode)
(_elim_blnode_to_xnode GROUP)
(_elim_bl_update)
(_elim_blnode_to_xnode)
(_elim_blnode_to_xnode GROUP)
(_elim_blnode_to_xnode)
(_elim_blnode_to_xnode GROUP)
(_elim_blnode_to_xnode)
(_elim_blnode_to_xnode GROUP)
(_elim_bl_update)
(_elim_blnode_to_xnode)
(_elim_blnode_to_xnode GROUP)
(_elim_blnode_to_xnode)
(_elim_blnode_to_xnode GROUP)
(_elim_blnode_to_xnode)
(_elim_blnode_to_xnode GROUP)
(_elim_bl_update)
(_elim_blnode_to_xnode)
(_elim_blnode_to_xnode BUDDY)
(_elim_blnode_to_xnode)
(_elim_blnode_to_xnode CONTACT
   name "Nikolis")
(_elim_bl_update)
(_elim_blnode_to_xnode)
(_elim_blnode_to_xnode CONTACT
   name "Nikolis")
(_elim_blnode_to_xnode)
(_elim_blnode_to_xnode CONTACT
   name "tatiana..")
(_elim_blnode_to_xnode)
(_elim_blnode_to_xnode GROUP)
(_elim_bl_update)
(_elim_blnode_to_xnode)
(_elim_blnode_to_xnode BUDDY)
(_elim_blnode_to_xnode)
(_elim_blnode_to_xnode CONTACT
   name "tatiana..")
(_elim_bl_update)
(_elim_blnode_to_xnode)
(_elim_blnode_to_xnode CONTACT
   name "tatiana..")
(_elim_blnode_to_xnode)
(_elim_blnode_to_xnode CONTACT
   name "tziortzia")
(_elim_blnode_to_xnode)
(_elim_blnode_to_xnode CONTACT
   name "Nikolis")
(_elim_bl_update)
(_elim_blnode_to_xnode)
(_elim_blnode_to_xnode BUDDY)
(_elim_blnode_to_xnode)
(_elim_blnode_to_xnode CONTACT
   name "tziortzia")
(_elim_bl_update)
(_elim_blnode_to_xnode)
(_elim_blnode_to_xnode CONTACT
   name "tziortzia")
(_elim_blnode_to_xnode)
(_elim_blnode_to_xnode CONTACT
   name "(li):DΦανή!!!!!!!!!!!!!!!!!!!!!!!!!:D(li)")
(_elim_blnode_to_xnode)
(_elim_blnode_to_xnode CONTACT
   name "tatiana..")
(_elim_bl_update)
(_elim_blnode_to_xnode)
(_elim_blnode_to_xnode BUDDY)
(_elim_blnode_to_xnode)
(_elim_blnode_to_xnode CONTACT
   name "(li):DΦανή!!!!!!!!!!!!!!!!!!!!!!!!!:D(li)")
(_elim_bl_update)
(_elim_blnode_to_xnode)
(_elim_blnode_to_xnode CONTACT
   name "(li):DΦανή!!!!!!!!!!!!!!!!!!!!!!!!!:D(li)")
(_elim_blnode_to_xnode)
(_elim_blnode_to_xnode CONTACT
   name "Eagle Fly Free")
(_elim_blnode_to_xnode)
(_elim_blnode_to_xnode CONTACT
   name "tziortzia")
(_elim_bl_update)
(_elim_blnode_to_xnode)
(_elim_blnode_to_xnode BUDDY)
(_elim_blnode_to_xnode)
(_elim_blnode_to_xnode CONTACT
   name "Eagle Fly Free")
(_elim_bl_update)
(_elim_blnode_to_xnode)
(_elim_blnode_to_xnode CONTACT
   name "Eagle Fly Free")
(_elim_blnode_to_xnode)
(_elim_blnode_to_xnode CONTACT
   name "Evangelos")
(_elim_blnode_to_xnode)
(_elim_blnode_to_xnode CONTACT
   name "(li):DΦανή!!!!!!!!!!!!!!!!!!!!!!!!!:D(li)")
(_elim_bl_update)
(_elim_blnode_to_xnode)
(_elim_blnode_to_xnode BUDDY)
(_elim_blnode_to_xnode)
(_elim_blnode_to_xnode CONTACT
   name "Evangelos")
(_elim_bl_update)
(_elim_blnode_to_xnode)
(_elim_blnode_to_xnode CONTACT
   name "Evangelos")
(_elim_blnode_to_xnode)
(_elim_blnode_to_xnode CONTACT
   name "mitsaras")
(_elim_blnode_to_xnode)
(_elim_blnode_to_xnode CONTACT
   name "Eagle Fly Free")
(_elim_bl_update)
(_elim_blnode_to_xnode)
(_elim_blnode_to_xnode BUDDY)
(_elim_blnode_to_xnode)
(_elim_blnode_to_xnode CONTACT
   name "mitsaras")
(_elim_bl_update)
(_elim_blnode_to_xnode)
(_elim_blnode_to_xnode CONTACT
   name "mitsaras")
(_elim_blnode_to_xnode)
(_elim_blnode_to_xnode CONTACT
   name ":D STEVE :D")
(_elim_blnode_to_xnode)
(_elim_blnode_to_xnode CONTACT
   name "Evangelos")
(_elim_bl_update)
(_elim_blnode_to_xnode)
(_elim_blnode_to_xnode BUDDY)
(_elim_blnode_to_xnode)
(_elim_blnode_to_xnode CONTACT
   name ":D STEVE :D")
(_elim_bl_update)
(_elim_blnode_to_xnode)
(_elim_blnode_to_xnode CONTACT
   name ":D STEVE :D")
(_elim_blnode_to_xnode)
(_elim_blnode_to_xnode CONTACT
   name "Panos")
(_elim_blnode_to_xnode)
(_elim_blnode_to_xnode CONTACT
   name "mitsaras")
(_elim_bl_update)
(_elim_blnode_to_xnode)
(_elim_blnode_to_xnode BUDDY)
(_elim_blnode_to_xnode)
(_elim_blnode_to_xnode CONTACT
   name "Panos")
(_elim_bl_update)
(_elim_blnode_to_xnode)
(_elim_blnode_to_xnode CONTACT
   name "Panos")
(_elim_blnode_to_xnode)
(_elim_blnode_to_xnode CONTACT
   name "stripe_wing")
(_elim_blnode_to_xnode)
(_elim_blnode_to_xnode CONTACT
   name ":D STEVE :D")
(_elim_bl_update)
(_elim_blnode_to_xnode)
(_elim_blnode_to_xnode BUDDY)
(_elim_blnode_to_xnode)
(_elim_blnode_to_xnode CONTACT
   name "stripe_wing")
(_elim_bl_update)
(_elim_blnode_to_xnode)
(_elim_blnode_to_xnode CONTACT
   name "stripe_wing")
(_elim_blnode_to_xnode)
(_elim_blnode_to_xnode CONTACT
   name "Theodosis")
(_elim_blnode_to_xnode)
(_elim_blnode_to_xnode CONTACT
   name "Panos")
(_elim_bl_update)
(_elim_blnode_to_xnode)
(_elim_blnode_to_xnode BUDDY)
(_elim_blnode_to_xnode)
(_elim_blnode_to_xnode CONTACT
   name "Theodosis")
(_elim_bl_update)
(_elim_blnode_to_xnode)
(_elim_blnode_to_xnode CONTACT
   name "Theodosis")
(_elim_blnode_to_xnode)
(_elim_blnode_to_xnode CONTACT
   name "elenita")
(_elim_blnode_to_xnode)
(_elim_blnode_to_xnode CONTACT
   name "stripe_wing")
(_elim_bl_update)
(_elim_blnode_to_xnode)
(_elim_blnode_to_xnode BUDDY)
(_elim_blnode_to_xnode)
(_elim_blnode_to_xnode CONTACT
   name "elenita")
(_elim_bl_update)
(_elim_blnode_to_xnode)
(_elim_blnode_to_xnode CONTACT
   name "elenita")
(_elim_blnode_to_xnode)
(_elim_blnode_to_xnode CONTACT
   name "Tina")
(_elim_blnode_to_xnode)
(_elim_blnode_to_xnode CONTACT
   name "Theodosis")
(_elim_bl_update)
(_elim_blnode_to_xnode)
(_elim_blnode_to_xnode BUDDY)
(_elim_blnode_to_xnode)
(_elim_blnode_to_xnode CONTACT
   name "Tina")
(_elim_bl_update)
(_elim_blnode_to_xnode)
(_elim_blnode_to_xnode CONTACT
   name "Tina")
(_elim_blnode_to_xnode)
(_elim_blnode_to_xnode CONTACT
   name "redhillmin")
(_elim_blnode_to_xnode)
(_elim_blnode_to_xnode CONTACT
   name "elenita")
(_elim_bl_update)
(_elim_blnode_to_xnode)
(_elim_blnode_to_xnode BUDDY)
(_elim_blnode_to_xnode)
(_elim_blnode_to_xnode CONTACT
   name "redhillmin")
(_elim_bl_update)
(_elim_blnode_to_xnode)
(_elim_blnode_to_xnode CONTACT
   name "redhillmin")
(_elim_blnode_to_xnode)
(_elim_blnode_to_xnode CONTACT
   name "Tina")
(_elim_bl_update)
(_elim_blnode_to_xnode)
(_elim_blnode_to_xnode GROUP)
(_elim_blnode_to_xnode)
(_elim_blnode_to_xnode GROUP)
(_elim_bl_update)
(_elim_blnode_to_xnode)
(_elim_blnode_to_xnode BUDDY)
(_elim_blnode_to_xnode)
(_elim_blnode_to_xnode CONTACT
   name ":D STEVE :D")
(_elim_bl_update)
(_elim_blnode_to_xnode)
(_elim_blnode_to_xnode BUDDY)
(_elim_blnode_to_xnode)
(_elim_blnode_to_xnode CONTACT
   name ":D STEVE :D")
(_elim_bl_update)
(_elim_blnode_to_xnode)
(_elim_blnode_to_xnode BUDDY)
(_elim_blnode_to_xnode)
(_elim_blnode_to_xnode CONTACT
   name "Tina")
(_elim_bl_update)
(_elim_blnode_to_xnode)
(_elim_blnode_to_xnode BUDDY)
(_elim_blnode_to_xnode)
(_elim_blnode_to_xnode CONTACT
   name "Tina")
(_elim_bl_update)
(_elim_blnode_to_xnode)
(_elim_blnode_to_xnode BUDDY)
(_elim_blnode_to_xnode)
(_elim_blnode_to_xnode CONTACT
   name "elenita")
(_elim_bl_update)
(_elim_blnode_to_xnode)
(_elim_blnode_to_xnode BUDDY)
(_elim_blnode_to_xnode)
(_elim_blnode_to_xnode CONTACT
   name "elenita")
(_elim_bl_update)
(_elim_blnode_to_xnode)
(_elim_blnode_to_xnode BUDDY)
(_elim_blnode_to_xnode)
(_elim_blnode_to_xnode CONTACT
   name "mitsaras")
(_elim_bl_update)
(_elim_blnode_to_xnode)
(_elim_blnode_to_xnode BUDDY)
(_elim_blnode_to_xnode)
(_elim_blnode_to_xnode CONTACT
   name "mitsaras")
(_elim_bl_update)
(_elim_blnode_to_xnode)
(_elim_blnode_to_xnode BUDDY)
(_elim_blnode_to_xnode)
(_elim_blnode_to_xnode CONTACT
   name "stripe_wing")
(_elim_bl_update)
(_elim_blnode_to_xnode)
(_elim_blnode_to_xnode BUDDY)
(_elim_blnode_to_xnode)
(_elim_blnode_to_xnode CONTACT
   name ":D STEVE :D")
(_elim_create_conversation)
(_elim_conv_args)
(_elim_write_im)
(_elim_conv_args)
(_elim_write_im)
(_elim_conv_args)
function: message; handler: 0x41cb48; (default: 0x418380)
(elim-debug entered _h_elim_message)(_elim_write_im)
(_elim_conv_args)
(elim-debug leaving _h_elim_message)(_elim_write_im)
(_elim_conv_args)
(_elim_write_im)
(_elim_conv_args)
(_elim_write_im)
(_elim_conv_args)
(_elim_write_im)
(_elim_conv_args)
function: buddy-menu; handler: 0x416c3c; (default: 0x418380)
function: buddy-menu-action; handler: 0x4165d2; (default: 0x418380)
(_elim_create_conversation)
(_elim_conv_args)
(_elim_write_conv)
(_elim_conv_args)
(elim-debug _elim_write_conv:DONE)
(_elim_chat_add_users)
(_elim_conv_args)
(_elim_chat_add_users)
(_elim_chat_add_users:DONE)
(_elim_write_conv)
(_elim_conv_args)
(elim-debug _elim_write_conv:DONE)
(_elim_chat_add_users)
(_elim_conv_args)
(_elim_chat_add_users)
(_elim_chat_add_users:DONE)
function: buddy-info; handler: 0x4161c0; (default: 0x418380)
(_elim_write_im)
(_elim_conv_args)
storing callback data: 0x6d7de0
(_elim_bl_update)
(_elim_blnode_to_xnode)
(_elim_blnode_to_xnode BUDDY)
(_elim_blnode_to_xnode)
(_elim_blnode_to_xnode CONTACT
   name "mitsaras")
(_elim_write_conv)
(_elim_conv_args)
(elim-debug _elim_write_conv:DONE)
(_elim_chat_remove_users)
(_elim_conv_args)
(_elim_chat_remove_users:DONE)
function: message; handler: 0x41cb48; (default: 0x418380)
(elim-debug entered _h_elim_message)(_elim_write_im)
(_elim_conv_args)
(elim-debug leaving _h_elim_message)(_elim_bl_update)
(_elim_blnode_to_xnode)
(_elim_blnode_to_xnode BUDDY)
(_elim_blnode_to_xnode)
(_elim_blnode_to_xnode CONTACT
   name "elenita")
function: message; handler: 0x41cb48; (default: 0x418380)
(elim-debug entered _h_elim_message)(_elim_create_conversation)
(_elim_conv_args)
(_elim_write_im)
(_elim_conv_args)
(elim-debug leaving _h_elim_message)